<?xml version="1.0" encoding="UTF-8"?>
<coverage generated="1636030236077" clover="3.2.0">
  <project timestamp="1636030236077" name="All files">
    <metrics statements="25" coveredstatements="25" conditionals="2" coveredconditionals="2" methods="9" coveredmethods="9" elements="36" coveredelements="36" complexity="0" loc="25" ncloc="25" packages="1" files="3" classes="3"/>
    <file name="addfn.js" path="C:\Users\user\Documents\microverse_project\module2\To-do-list\src\addfn.js">
      <metrics statements="16" coveredstatements="16" conditionals="2" coveredconditionals="2" methods="5" coveredmethods="5"/>
      <line num="4" count="1" type="stmt"/>
      <line num="6" count="3" type="cond" truecount="2" falsecount="0"/>
      <line num="7" count="1" type="stmt"/>
      <line num="8" count="3" type="stmt"/>
      <line num="9" count="3" type="stmt"/>
      <line num="10" count="3" type="stmt"/>
      <line num="11" count="3" type="stmt"/>
      <line num="15" count="2" type="stmt"/>
      <line num="20" count="2" type="stmt"/>
      <line num="21" count="5" type="stmt"/>
      <line num="31" count="2" type="stmt"/>
      <line num="32" count="2" type="stmt"/>
      <line num="33" count="2" type="stmt"/>
      <line num="37" count="1" type="stmt"/>
      <line num="38" count="1" type="stmt"/>
      <line num="39" count="1" type="stmt"/>
    </file>
    <file name="listclass.js" path="C:\Users\user\Documents\microverse_project\module2\To-do-list\src\listclass.js">
      <metrics statements="3" coveredstatements="3" conditionals="0" coveredconditionals="0" methods="1" coveredmethods="1"/>
      <line num="3" count="3" type="stmt"/>
      <line num="4" count="3" type="stmt"/>
      <line num="5" count="3" type="stmt"/>
    </file>
    <file name="store.js" path="C:\Users\user\Documents\microverse_project\module2\To-do-list\src\store.js">
      <metrics statements="6" coveredstatements="6" conditionals="0" coveredconditionals="0" methods="3" coveredmethods="3"/>
      <line num="1" count="1" type="stmt"/>
      <line num="2" count="1" type="stmt"/>
      <line num="3" count="1" type="stmt"/>
      <line num="5" count="15" type="stmt"/>
      <line num="8" count="4" type="stmt"/>
      <line num="9" count="4" type="stmt"/>
    </file>
  </project>
</coverage>
