<?xml version="1.0" encoding="UTF-8"?>
<coverage generated="1636094825375" clover="3.2.0">
  <project timestamp="1636094825376" name="All files">
    <metrics statements="35" coveredstatements="35" conditionals="2" coveredconditionals="2" methods="13" coveredmethods="13" elements="50" coveredelements="50" complexity="0" loc="35" ncloc="35" packages="1" files="3" classes="3"/>
    <file name="addfn.js" path="C:\Users\user\Documents\microverse_project\module2\To-do-list\src\addfn.js">
      <metrics statements="26" coveredstatements="26" conditionals="2" coveredconditionals="2" methods="9" coveredmethods="9"/>
      <line num="4" count="1" type="stmt"/>
      <line num="6" count="3" type="cond" truecount="2" falsecount="0"/>
      <line num="7" count="1" type="stmt"/>
      <line num="8" count="3" type="stmt"/>
      <line num="9" count="3" type="stmt"/>
      <line num="10" count="3" type="stmt"/>
      <line num="11" count="3" type="stmt"/>
      <line num="15" count="3" type="stmt"/>
      <line num="20" count="3" type="stmt"/>
      <line num="21" count="5" type="stmt"/>
      <line num="31" count="3" type="stmt"/>
      <line num="32" count="3" type="stmt"/>
      <line num="34" count="3" type="stmt"/>
      <line num="38" count="1" type="stmt"/>
      <line num="39" count="1" type="stmt"/>
      <line num="40" count="1" type="stmt"/>
      <line num="44" count="1" type="stmt"/>
      <line num="45" count="1" type="stmt"/>
      <line num="48" count="1" type="stmt"/>
      <line num="49" count="1" type="stmt"/>
      <line num="53" count="2" type="stmt"/>
      <line num="54" count="1" type="stmt"/>
      <line num="55" count="1" type="stmt"/>
      <line num="59" count="1" type="stmt"/>
      <line num="60" count="1" type="stmt"/>
      <line num="61" count="1" type="stmt"/>
    </file>
    <file name="listclass.js" path="C:\Users\user\Documents\microverse_project\module2\To-do-list\src\listclass.js">
      <metrics statements="3" coveredstatements="3" conditionals="0" coveredconditionals="0" methods="1" coveredmethods="1"/>
      <line num="3" count="3" type="stmt"/>
      <line num="4" count="3" type="stmt"/>
      <line num="5" count="3" type="stmt"/>
    </file>
    <file name="store.js" path="C:\Users\user\Documents\microverse_project\module2\To-do-list\src\store.js">
      <metrics statements="6" coveredstatements="6" conditionals="0" coveredconditionals="0" methods="3" coveredmethods="3"/>
      <line num="1" count="1" type="stmt"/>
      <line num="2" count="1" type="stmt"/>
      <line num="3" count="1" type="stmt"/>
      <line num="5" count="31" type="stmt"/>
      <line num="8" count="7" type="stmt"/>
      <line num="9" count="7" type="stmt"/>
    </file>
  </project>
</coverage>
