{"C:\\Users\\user\\Documents\\microverse_project\\module2\\To-do-list\\src\\addfn.js": {"path":"C:\\Users\\user\\Documents\\microverse_project\\module2\\To-do-list\\src\\addfn.js","statementMap":{"0":{"start":{"line":4,"column":0},"end":{"line":4,"column":71}},"1":{"start":{"line":6,"column":24},"end":{"line":6,"column":108}},"2":{"start":{"line":6,"column":31},"end":{"line":6,"column":107}},"3":{"start":{"line":7,"column":14},"end":{"line":12,"column":1}},"4":{"start":{"line":8,"column":19},"end":{"line":8,"column":44}},"5":{"start":{"line":9,"column":20},"end":{"line":9,"column":37}},"6":{"start":{"line":10,"column":2},"end":{"line":10,"column":27}},"7":{"start":{"line":11,"column":2},"end":{"line":11,"column":58}},"8":{"start":{"line":15,"column":2},"end":{"line":19,"column":10}},"9":{"start":{"line":20,"column":17},"end":{"line":20,"column":50}},"10":{"start":{"line":21,"column":18},"end":{"line":30,"column":14}},"11":{"start":{"line":21,"column":35},"end":{"line":30,"column":13}},"12":{"start":{"line":31,"column":2},"end":{"line":31,"column":38}},"13":{"start":{"line":32,"column":20},"end":{"line":32,"column":60}},"14":{"start":{"line":33,"column":2},"end":{"line":33,"column":19}},"15":{"start":{"line":37,"column":2},"end":{"line":37,"column":25}},"16":{"start":{"line":38,"column":2},"end":{"line":38,"column":54}},"17":{"start":{"line":39,"column":2},"end":{"line":39,"column":15}}},"fnMap":{"0":{"name":"(anonymous_0)","decl":{"start":{"line":6,"column":24},"end":{"line":6,"column":25}},"loc":{"start":{"line":6,"column":31},"end":{"line":6,"column":107}},"line":6},"1":{"name":"(anonymous_1)","decl":{"start":{"line":7,"column":14},"end":{"line":7,"column":15}},"loc":{"start":{"line":7,"column":20},"end":{"line":12,"column":1}},"line":7},"2":{"name":"component","decl":{"start":{"line":14,"column":9},"end":{"line":14,"column":18}},"loc":{"start":{"line":14,"column":26},"end":{"line":34,"column":1}},"line":14},"3":{"name":"(anonymous_3)","decl":{"start":{"line":21,"column":28},"end":{"line":21,"column":29}},"loc":{"start":{"line":21,"column":35},"end":{"line":30,"column":13}},"line":21},"4":{"name":"filterSingle","decl":{"start":{"line":36,"column":9},"end":{"line":36,"column":21}},"loc":{"start":{"line":36,"column":36},"end":{"line":40,"column":1}},"line":36}},"branchMap":{"0":{"loc":{"start":{"line":6,"column":31},"end":{"line":6,"column":107}},"type":"cond-expr","locations":[{"start":{"line":6,"column":62},"end":{"line":6,"column":102}},{"start":{"line":6,"column":105},"end":{"line":6,"column":107}}],"line":6}},"s":{"0":1,"1":1,"2":3,"3":1,"4":3,"5":3,"6":3,"7":3,"8":2,"9":2,"10":2,"11":5,"12":2,"13":2,"14":2,"15":1,"16":1,"17":1},"f":{"0":3,"1":3,"2":2,"3":5,"4":1},"b":{"0":[2,1]},"_coverageSchema":"1a1c01bbd47fc00a2c39e90264f33305004495a9","hash":"5c72a7a4dc7b3f829b8466a508a8085695ec6105"}
,"C:\\Users\\user\\Documents\\microverse_project\\module2\\To-do-list\\src\\listclass.js": {"path":"C:\\Users\\user\\Documents\\microverse_project\\module2\\To-do-list\\src\\listclass.js","statementMap":{"0":{"start":{"line":3,"column":4},"end":{"line":3,"column":35}},"1":{"start":{"line":4,"column":4},"end":{"line":4,"column":27}},"2":{"start":{"line":5,"column":4},"end":{"line":5,"column":19}}},"fnMap":{"0":{"name":"(anonymous_0)","decl":{"start":{"line":2,"column":2},"end":{"line":2,"column":3}},"loc":{"start":{"line":2,"column":27},"end":{"line":6,"column":3}},"line":2}},"branchMap":{},"s":{"0":3,"1":3,"2":3},"f":{"0":3},"b":{},"_coverageSchema":"1a1c01bbd47fc00a2c39e90264f33305004495a9","hash":"a84b115d3b0b1f4063dbfa6bc236d8a1cce6171a"}
,"C:\\Users\\user\\Documents\\microverse_project\\module2\\To-do-list\\src\\store.js": {"path":"C:\\Users\\user\\Documents\\microverse_project\\module2\\To-do-list\\src\\store.js","statementMap":{"0":{"start":{"line":1,"column":25},"end":{"line":12,"column":4}},"1":{"start":{"line":2,"column":16},"end":{"line":2,"column":18}},"2":{"start":{"line":3,"column":2},"end":{"line":11,"column":4}},"3":{"start":{"line":5,"column":6},"end":{"line":5,"column":24}},"4":{"start":{"line":8,"column":6},"end":{"line":8,"column":25}},"5":{"start":{"line":9,"column":6},"end":{"line":9,"column":24}}},"fnMap":{"0":{"name":"(anonymous_0)","decl":{"start":{"line":1,"column":26},"end":{"line":1,"column":27}},"loc":{"start":{"line":1,"column":32},"end":{"line":12,"column":1}},"line":1},"1":{"name":"(anonymous_1)","decl":{"start":{"line":4,"column":4},"end":{"line":4,"column":5}},"loc":{"start":{"line":4,"column":17},"end":{"line":6,"column":5}},"line":4},"2":{"name":"(anonymous_2)","decl":{"start":{"line":7,"column":4},"end":{"line":7,"column":5}},"loc":{"start":{"line":7,"column":24},"end":{"line":10,"column":5}},"line":7}},"branchMap":{},"s":{"0":1,"1":1,"2":1,"3":15,"4":4,"5":4},"f":{"0":1,"1":15,"2":4},"b":{},"_coverageSchema":"1a1c01bbd47fc00a2c39e90264f33305004495a9","hash":"cc1bd3b932f87fc77841cf35297eb7c2b2ba3be1"}
}
