TN:
SF:src\addfn.js
FN:6,(anonymous_0)
FN:7,(anonymous_1)
FN:14,component
FN:21,(anonymous_3)
FN:37,filterSingle
FN:43,checker
FN:52,filterTodo
FN:53,(anonymous_7)
FN:58,addMore
FNF:9
FNH:9
FNDA:3,(anonymous_0)
FNDA:3,(anonymous_1)
FNDA:3,component
FNDA:5,(anonymous_3)
FNDA:1,filterSingle
FNDA:1,checker
FNDA:1,filterTodo
FNDA:2,(anonymous_7)
FNDA:1,addMore
DA:4,1
DA:6,3
DA:7,1
DA:8,3
DA:9,3
DA:10,3
DA:11,3
DA:15,3
DA:20,3
DA:21,5
DA:31,3
DA:32,3
DA:34,3
DA:38,1
DA:39,1
DA:40,1
DA:44,1
DA:45,1
DA:48,1
DA:49,1
DA:53,2
DA:54,1
DA:55,1
DA:59,1
DA:60,1
DA:61,1
LF:26
LH:26
BRDA:6,0,0,2
BRDA:6,0,1,1
BRF:2
BRH:2
end_of_record
TN:
SF:src\listclass.js
FN:2,(anonymous_0)
FNF:1
FNH:1
FNDA:3,(anonymous_0)
DA:3,3
DA:4,3
DA:5,3
LF:3
LH:3
BRF:0
BRH:0
end_of_record
TN:
SF:src\store.js
FN:1,(anonymous_0)
FN:4,(anonymous_1)
FN:7,(anonymous_2)
FNF:3
FNH:3
FNDA:1,(anonymous_0)
FNDA:31,(anonymous_1)
FNDA:7,(anonymous_2)
DA:1,1
DA:2,1
DA:3,1
DA:5,31
DA:8,7
DA:9,7
LF:6
LH:6
BRF:0
BRH:0
end_of_record
