TN:
SF:src\addfn.js
FN:6,(anonymous_0)
FN:7,(anonymous_1)
FN:14,component
FN:21,(anonymous_3)
FN:36,filterSingle
FNF:5
FNH:5
FNDA:3,(anonymous_0)
FNDA:3,(anonymous_1)
FNDA:2,component
FNDA:5,(anonymous_3)
FNDA:1,filterSingle
DA:4,1
DA:6,3
DA:7,1
DA:8,3
DA:9,3
DA:10,3
DA:11,3
DA:15,2
DA:20,2
DA:21,5
DA:31,2
DA:32,2
DA:33,2
DA:37,1
DA:38,1
DA:39,1
LF:16
LH:16
BRDA:6,0,0,2
BRDA:6,0,1,1
BRF:2
BRH:2
end_of_record
TN:
SF:src\listclass.js
FN:2,(anonymous_0)
FNF:1
FNH:1
FNDA:3,(anonymous_0)
DA:3,3
DA:4,3
DA:5,3
LF:3
LH:3
BRF:0
BRH:0
end_of_record
TN:
SF:src\store.js
FN:1,(anonymous_0)
FN:4,(anonymous_1)
FN:7,(anonymous_2)
FNF:3
FNH:3
FNDA:1,(anonymous_0)
FNDA:15,(anonymous_1)
FNDA:4,(anonymous_2)
DA:1,1
DA:2,1
DA:3,1
DA:5,15
DA:8,4
DA:9,4
LF:6
LH:6
BRF:0
BRH:0
end_of_record
